<?xml version="1.0" encoding="UTF-8"?>
<!-- Generated by org.testng.reporters.JUnitReportReporter -->
<testsuite hostname="Gowthams-MBP-2.attlocal.net" failures="0" tests="5" name="com.training.tests.LoginTest" time="37.506" errors="0" timestamp="21 Nov 2022 02:15:37 GMT" skipped="0">
  <testcase classname="com.training.tests.LoginTest" name="validUsernameAndPassword" time="6.624"/>
  <testcase classname="com.training.tests.LoginTest" name="forgotPassword" time="4.120"/>
  <testcase classname="com.training.tests.LoginTest" name="invalidLoginWithOnlyEmail" time="3.119"/>
  <testcase classname="com.training.tests.LoginTest" name="validLoginWithRememberMeAndLogout" time="9.825"/>
  <testcase classname="com.training.tests.LoginTest" name="wrongEmailAndPassword" time="13.818"/>
</testsuite> <!-- com.training.tests.LoginTest -->
