<?xml version="1.0" encoding="UTF-8"?>
<!-- Generated by org.testng.reporters.JUnitReportReporter -->
<testsuite hostname="Gowthams-MBP-2.attlocal.net" failures="0" tests="1" name="com.training.tests.OppotunityTest" time="9.850" errors="0" timestamp="14 Nov 2022 17:15:20 GMT" skipped="0">
  <testcase classname="com.training.tests.OppotunityTest" name="opportunityTestStuckOptyReport" time="9.850"/>
</testsuite> <!-- com.training.tests.OppotunityTest -->
