<?xml version="1.0" encoding="UTF-8"?>
<!-- Generated by org.testng.reporters.JUnitReportReporter -->
<testsuite hostname="Gowthams-MBP-2.attlocal.net" failures="0" tests="1" name="com.training.tests.AccountTest" time="18.135" errors="0" timestamp="16 Nov 2022 16:49:35 GMT" skipped="0">
  <testcase classname="com.training.tests.AccountTest" name="accountMergeAccount" time="18.135"/>
</testsuite> <!-- com.training.tests.AccountTest -->
