<?xml version="1.0" encoding="UTF-8"?>
<!-- Generated by org.testng.reporters.JUnitReportReporter -->
<testsuite hostname="Gowthams-MBP-2.attlocal.net" failures="0" tests="1" name="com.training.tests.LeadsTest" time="14.263" errors="0" timestamp="13 Nov 2022 06:53:02 GMT" skipped="0">
  <testcase classname="com.training.tests.LeadsTest" name="leadAppLaunchedUserLoggedIn" time="14.263"/>
</testsuite> <!-- com.training.tests.LeadsTest -->
