<?xml version="1.0" encoding="UTF-8"?>
<!-- Generated by org.testng.reporters.JUnitReportReporter -->
<testsuite hostname="Gowthams-MBP-2.attlocal.net" failures="0" tests="1" name="com.training.tests.RandomScenariosTest" time="17.948" errors="0" timestamp="15 Nov 2022 01:45:42 GMT" skipped="0">
  <testcase classname="com.training.tests.RandomScenariosTest" name="verifyTabCustomization" time="17.948"/>
</testsuite> <!-- com.training.tests.RandomScenariosTest -->
